<?xml version="1.0" encoding="UTF-8"?>
<!-- Generated by org.testng.reporters.JUnitXMLReporter -->
<testsuite hostname="Ragu-PC" ignored="3" name="ParallelTest" tests="91" failures="11" timestamp="2020-01-08T12:31:37 IST" time="169.798" errors="0">
  <testcase name="@BeforeMethod login" time="0.222" classname="com.testngtraining.org.Adactin">
    <failure type="java.lang.NullPointerException">
      <![CDATA[java.lang.NullPointerException
at java.util.Objects.requireNonNull(Unknown Source)
at org.openqa.selenium.support.ui.FluentWait.<init>(FluentWait.java:106)
at org.openqa.selenium.support.ui.WebDriverWait.<init>(WebDriverWait.java:85)
at org.openqa.selenium.support.ui.WebDriverWait.<init>(WebDriverWait.java:45)
at com.testngtraining.org.Adactin.login(Adactin.java:38)
at java.util.ArrayList.forEach(Unknown Source)
at java.util.concurrent.FutureTask.run(Unknown Source)
at java.util.concurrent.ThreadPoolExecutor.runWorker(Unknown Source)
at java.util.concurrent.ThreadPoolExecutor$Worker.run(Unknown Source)
at java.lang.Thread.run(Unknown Source)
... Removed 22 stack frames]]>
    </failure>
  </testcase> <!-- @BeforeMethod login -->
  <testcase name="@BeforeMethod login" time="0.088" classname="com.adactin.runner.Adactin">
    <failure type="java.lang.NullPointerException">
      <![CDATA[java.lang.NullPointerException
at org.openqa.selenium.support.pagefactory.DefaultElementLocator.findElement(DefaultElementLocator.java:69)
at org.openqa.selenium.support.pagefactory.internal.LocatingElementHandler.invoke(LocatingElementHandler.java:38)
at com.sun.proxy.$Proxy17.sendKeys(Unknown Source)
at com.BaseClass.BaseClass.inputOnElement(BaseClass.java:77)
at com.adactin.runner.Adactin.login(Adactin.java:37)
at java.util.ArrayList.forEach(Unknown Source)
at java.util.concurrent.FutureTask.run(Unknown Source)
at java.util.concurrent.ThreadPoolExecutor.runWorker(Unknown Source)
at java.util.concurrent.ThreadPoolExecutor$Worker.run(Unknown Source)
at java.lang.Thread.run(Unknown Source)
... Removed 22 stack frames]]>
    </failure>
  </testcase> <!-- @BeforeMethod login -->
  <testcase name="accNumber" time="0.01" classname="com.testngwork.org.DepenndsOnGroup"/>
  <testcase name="accNumber" time="0.009" classname="com.testngwork.org.GroupingTest"/>
  <testcase name="add" time="0.002" classname="com.testngwork.org.ExceptionTest"/>
  <testcase name="address" time="0.006" classname="com.testngwork.org.GroupingTest"/>
  <testcase name="amazonLaunch" time="46.378" classname="com.testngwork.org.ParallelTest"/>
  <testcase name="bajajBike" time="0.002" classname="com.testngtraining.org.bikeSearch"/>
  <testcase name="bookHotel" time="0.0" classname="com.testngtraining.org.Adactin">
    <skipped/>
  </testcase> <!-- bookHotel -->
  <testcase name="bookHotel" time="0.0" classname="com.adactin.runner.Adactin">
    <skipped/>
  </testcase> <!-- bookHotel -->
  <testcase name="bycycleSearch" time="0.002" classname="com.testngwork.org.FlipkartSearch"/>
  <testcase name="chromeLaunch" time="36.147" classname="com.testngtraining.org.CrossBrowserTest"/>
  <testcase name="contactNumber" time="0.002" classname="com.testngwork.org.GroupingTest"/>
  <testcase name="creditial" time="0.002" classname="com.testngtraining.org.DataProviderConcept"/>
  <testcase name="creditial" time="0.003" classname="com.testngtraining.org.DataProviderConcept"/>
  <testcase name="creditial" time="0.011" classname="com.testngtraining.org.DataProviderConcept"/>
  <testcase name="divide" time="0.002" classname="com.testngwork.org.ExceptionTest"/>
  <testcase name="divide1" time="0.009" classname="com.testngwork.org.ExceptionTest">
    <failure type="java.lang.ArithmeticException" message="/ by zero">
      <![CDATA[java.lang.ArithmeticException: / by zero
at com.testngwork.org.ExceptionTest.divide1(ExceptionTest.java:25)
at java.util.ArrayList.forEach(Unknown Source)
at java.util.concurrent.FutureTask.run(Unknown Source)
at java.util.concurrent.ThreadPoolExecutor.runWorker(Unknown Source)
at java.util.concurrent.ThreadPoolExecutor$Worker.run(Unknown Source)
at java.lang.Thread.run(Unknown Source)
... Removed 18 stack frames]]>
    </failure>
  </testcase> <!-- divide1 -->
  <testcase name="dressSearch" time="0.002" classname="com.testngwork.org.InvocationCount"/>
  <testcase name="dressSearch" time="3.152" classname="com.testngwork.org.TimesOut">
    <failure type="org.testng.internal.thread.ThreadTimeoutException" message="Method com.testngwork.org.TimesOut.dressSearch() didn&amp;apos;t finish within the time-out 3000">
      <![CDATA[org.testng.internal.thread.ThreadTimeoutException: Method com.testngwork.org.TimesOut.dressSearch() didn't finish within the time-out 3000
]]>
    </failure>
  </testcase> <!-- dressSearch -->
  <testcase name="empName" time="0.001" classname="com.testngwork.org.GroupingTest"/>
  <testcase name="facebookLaunch" time="7.642" classname="com.testngwork.org.ParallelTest">
    <failure type="org.openqa.selenium.WebDriverException" message="unknown error: cannot determine loading status
from disconnected: received Inspector.detached event
  (Session info: chrome=79.0.3945.117)
Build info: version: &amp;apos;3.141.59&amp;apos;, revision: &amp;apos;e82be7d358&amp;apos;, time: &amp;apos;2018-11-14T08:25:53&amp;apos;
System info: host: &amp;apos;RAGU-PC&amp;apos;, ip: &amp;apos;192.168.29.101&amp;apos;, os.name: &amp;apos;Windows 7&amp;apos;, os.arch: &amp;apos;amd64&amp;apos;, os.version: &amp;apos;6.1&amp;apos;, java.version: &amp;apos;1.8.0_211&amp;apos;
Driver info: org.openqa.selenium.chrome.ChromeDriver
Capabilities {acceptInsecureCerts: false, browserName: chrome, browserVersion: 79.0.3945.117, chrome: {chromedriverVersion: 78.0.3904.105 (60e2d8774a81..., userDataDir: C:\Users\Ragu\AppData\Local...}, goog:chromeOptions: {debuggerAddress: localhost:50032}, javascriptEnabled: true, networkConnectionEnabled: false, pageLoadStrategy: normal, platform: XP, platformName: XP, proxy: Proxy(), setWindowRect: true, strictFileInteractability: false, timeouts: {implicit: 0, pageLoad: 300000, script: 30000}, unhandledPromptBehavior: dismiss and notify}
Session ID: 12d95aecccc0d111372ee41b0ba069c1">
      <![CDATA[org.openqa.selenium.WebDriverException: unknown error: cannot determine loading status
from disconnected: received Inspector.detached event
  (Session info: chrome=79.0.3945.117)
Build info: version: '3.141.59', revision: 'e82be7d358', time: '2018-11-14T08:25:53'
System info: host: 'RAGU-PC', ip: '192.168.29.101', os.name: 'Windows 7', os.arch: 'amd64', os.version: '6.1', java.version: '1.8.0_211'
Driver info: org.openqa.selenium.chrome.ChromeDriver
Capabilities {acceptInsecureCerts: false, browserName: chrome, browserVersion: 79.0.3945.117, chrome: {chromedriverVersion: 78.0.3904.105 (60e2d8774a81..., userDataDir: C:\Users\Ragu\AppData\Local...}, goog:chromeOptions: {debuggerAddress: localhost:50032}, javascriptEnabled: true, networkConnectionEnabled: false, pageLoadStrategy: normal, platform: XP, platformName: XP, proxy: Proxy(), setWindowRect: true, strictFileInteractability: false, timeouts: {implicit: 0, pageLoad: 300000, script: 30000}, unhandledPromptBehavior: dismiss and notify}
Session ID: 12d95aecccc0d111372ee41b0ba069c1
at org.openqa.selenium.remote.http.W3CHttpResponseCodec.createException(W3CHttpResponseCodec.java:187)
at org.openqa.selenium.remote.http.W3CHttpResponseCodec.decode(W3CHttpResponseCodec.java:122)
at org.openqa.selenium.remote.http.W3CHttpResponseCodec.decode(W3CHttpResponseCodec.java:49)
at org.openqa.selenium.remote.HttpCommandExecutor.execute(HttpCommandExecutor.java:158)
at org.openqa.selenium.remote.service.DriverCommandExecutor.execute(DriverCommandExecutor.java:83)
at org.openqa.selenium.remote.RemoteWebDriver.execute(RemoteWebDriver.java:552)
at org.openqa.selenium.remote.RemoteWebDriver.get(RemoteWebDriver.java:277)
at com.testngwork.org.ParallelTest.facebookLaunch(ParallelTest.java:15)
at java.util.ArrayList.forEach(Unknown Source)
at java.util.concurrent.FutureTask.run(Unknown Source)
at java.util.concurrent.ThreadPoolExecutor.runWorker(Unknown Source)
at java.util.concurrent.ThreadPoolExecutor$Worker.run(Unknown Source)
at java.lang.Thread.run(Unknown Source)
... Removed 22 stack frames]]>
    </failure>
  </testcase> <!-- facebookLaunch -->
  <testcase name="firefoxLaunch" time="24.581" classname="com.testngtraining.org.CrossBrowserTest">
    <failure type="org.openqa.selenium.NoSuchWindowException" message="Browsing context has been discarded
Build info: version: &amp;apos;3.141.59&amp;apos;, revision: &amp;apos;e82be7d358&amp;apos;, time: &amp;apos;2018-11-14T08:25:53&amp;apos;
System info: host: &amp;apos;RAGU-PC&amp;apos;, ip: &amp;apos;192.168.29.101&amp;apos;, os.name: &amp;apos;Windows 7&amp;apos;, os.arch: &amp;apos;amd64&amp;apos;, os.version: &amp;apos;6.1&amp;apos;, java.version: &amp;apos;1.8.0_211&amp;apos;
Driver info: org.openqa.selenium.firefox.FirefoxDriver
Capabilities {acceptInsecureCerts: true, browserName: firefox, browserVersion: 71.0, javascriptEnabled: true, moz:accessibilityChecks: false, moz:buildID: 20191202093317, moz:geckodriverVersion: 0.26.0, moz:headless: false, moz:processID: 2264, moz:profile: C:\Users\Ragu\AppData\Local..., moz:shutdownTimeout: 60000, moz:useNonSpecCompliantPointerOrigin: false, moz:webdriverClick: true, pageLoadStrategy: normal, platform: WINDOWS, platformName: WINDOWS, platformVersion: 6.1, rotatable: false, setWindowRect: true, strictFileInteractability: false, timeouts: {implicit: 0, pageLoad: 300000, script: 30000}, unhandledPromptBehavior: dismiss and notify}
Session ID: a5aa34d9-5108-4371-9c13-359add1e82c4">
      <![CDATA[org.openqa.selenium.NoSuchWindowException: Browsing context has been discarded
Build info: version: '3.141.59', revision: 'e82be7d358', time: '2018-11-14T08:25:53'
System info: host: 'RAGU-PC', ip: '192.168.29.101', os.name: 'Windows 7', os.arch: 'amd64', os.version: '6.1', java.version: '1.8.0_211'
Driver info: org.openqa.selenium.firefox.FirefoxDriver
Capabilities {acceptInsecureCerts: true, browserName: firefox, browserVersion: 71.0, javascriptEnabled: true, moz:accessibilityChecks: false, moz:buildID: 20191202093317, moz:geckodriverVersion: 0.26.0, moz:headless: false, moz:processID: 2264, moz:profile: C:\Users\Ragu\AppData\Local..., moz:shutdownTimeout: 60000, moz:useNonSpecCompliantPointerOrigin: false, moz:webdriverClick: true, pageLoadStrategy: normal, platform: WINDOWS, platformName: WINDOWS, platformVersion: 6.1, rotatable: false, setWindowRect: true, strictFileInteractability: false, timeouts: {implicit: 0, pageLoad: 300000, script: 30000}, unhandledPromptBehavior: dismiss and notify}
Session ID: a5aa34d9-5108-4371-9c13-359add1e82c4
at org.openqa.selenium.remote.http.W3CHttpResponseCodec.createException(W3CHttpResponseCodec.java:187)
at org.openqa.selenium.remote.http.W3CHttpResponseCodec.decode(W3CHttpResponseCodec.java:122)
at org.openqa.selenium.remote.http.W3CHttpResponseCodec.decode(W3CHttpResponseCodec.java:49)
at org.openqa.selenium.remote.HttpCommandExecutor.execute(HttpCommandExecutor.java:158)
at org.openqa.selenium.remote.service.DriverCommandExecutor.execute(DriverCommandExecutor.java:83)
at org.openqa.selenium.remote.RemoteWebDriver.execute(RemoteWebDriver.java:552)
at org.openqa.selenium.remote.RemoteWebDriver.execute(RemoteWebDriver.java:609)
at org.openqa.selenium.remote.RemoteWebDriver$RemoteWebDriverOptions$RemoteWindow.maximize(RemoteWebDriver.java:837)
at com.testngtraining.org.CrossBrowserTest.firefoxLaunch(CrossBrowserTest.java:28)
at java.util.ArrayList.forEach(Unknown Source)
at java.util.concurrent.FutureTask.run(Unknown Source)
at java.util.concurrent.ThreadPoolExecutor.runWorker(Unknown Source)
at java.util.concurrent.ThreadPoolExecutor$Worker.run(Unknown Source)
at java.lang.Thread.run(Unknown Source)
... Removed 22 stack frames]]>
    </failure>
  </testcase> <!-- firefoxLaunch -->
  <testcase name="giftSearch" time="0.001" classname="com.testngwork.org.IgnoreTestConcept"/>
  <testcase name="giftSearch" time="0.015" classname="com.testngwork.org.InvocationCount"/>
  <testcase name="giftSearch" time="0.001" classname="com.testngwork.org.PriorityTestConcept"/>
  <testcase name="googleLaunch" time="8.271" classname="com.testngwork.org.ParallelTest"/>
  <testcase name="handbagSearch" time="0.001" classname="com.testngwork.org.FlipkartSearch"/>
  <testcase name="herohondaBike" time="0.001" classname="com.testngtraining.org.bikeSearch"/>
  <testcase name="homePageSoftAssert" time="0.008" classname="com.testngtraining.org.AssertConcept"/>
  <testcase name="homePageValidation" time="0.001" classname="com.testngtraining.org.AssertConcept">
    <failure type="java.lang.AssertionError" message="expected [Ragu] but found [ragu]">
      <![CDATA[java.lang.AssertionError: expected [Ragu] but found [ragu]
at com.testngtraining.org.AssertConcept.homePageValidation(AssertConcept.java:13)
at java.util.ArrayList.forEach(Unknown Source)
at java.util.concurrent.FutureTask.run(Unknown Source)
at java.util.concurrent.ThreadPoolExecutor.runWorker(Unknown Source)
at java.util.concurrent.ThreadPoolExecutor$Worker.run(Unknown Source)
at java.lang.Thread.run(Unknown Source)
... Removed 23 stack frames]]>
    </failure>
  </testcase> <!-- homePageValidation -->
  <testcase name="ieLaunch" time="3.92" classname="com.testngtraining.org.CrossBrowserTest">
    <failure type="org.openqa.selenium.NoSuchWindowException" message="Error retrieving window
Build info: version: &amp;apos;3.141.59&amp;apos;, revision: &amp;apos;e82be7d358&amp;apos;, time: &amp;apos;2018-11-14T08:25:53&amp;apos;
System info: host: &amp;apos;RAGU-PC&amp;apos;, ip: &amp;apos;192.168.29.101&amp;apos;, os.name: &amp;apos;Windows 7&amp;apos;, os.arch: &amp;apos;amd64&amp;apos;, os.version: &amp;apos;6.1&amp;apos;, java.version: &amp;apos;1.8.0_211&amp;apos;
Driver info: org.openqa.selenium.ie.InternetExplorerDriver
Capabilities {acceptInsecureCerts: false, browserName: internet explorer, browserVersion: 8, javascriptEnabled: true, pageLoadStrategy: normal, platform: WINDOWS, platformName: WINDOWS, proxy: Proxy(), se:ieOptions: {browserAttachTimeout: 0, elementScrollBehavior: 0, enablePersistentHover: true, ie.browserCommandLineSwitches: , ie.edgechromium: false, ie.edgepath: , ie.ensureCleanSession: false, ie.fileUploadDialogTimeout: 3000, ie.forceCreateProcessApi: false, ignoreProtectedModeSettings: false, ignoreZoomSetting: false, initialBrowserUrl: http://localhost:18403/, nativeEvents: true, requireWindowFocus: false}, setWindowRect: true, strictFileInteractability: false, timeouts: {implicit: 0, pageLoad: 300000, script: 30000}, unhandledPromptBehavior: dismiss and notify}
Session ID: 78c8478f-e9e0-4152-8200-e6d139cb2de2">
      <![CDATA[org.openqa.selenium.NoSuchWindowException: Error retrieving window
Build info: version: '3.141.59', revision: 'e82be7d358', time: '2018-11-14T08:25:53'
System info: host: 'RAGU-PC', ip: '192.168.29.101', os.name: 'Windows 7', os.arch: 'amd64', os.version: '6.1', java.version: '1.8.0_211'
Driver info: org.openqa.selenium.ie.InternetExplorerDriver
Capabilities {acceptInsecureCerts: false, browserName: internet explorer, browserVersion: 8, javascriptEnabled: true, pageLoadStrategy: normal, platform: WINDOWS, platformName: WINDOWS, proxy: Proxy(), se:ieOptions: {browserAttachTimeout: 0, elementScrollBehavior: 0, enablePersistentHover: true, ie.browserCommandLineSwitches: , ie.edgechromium: false, ie.edgepath: , ie.ensureCleanSession: false, ie.fileUploadDialogTimeout: 3000, ie.forceCreateProcessApi: false, ignoreProtectedModeSettings: false, ignoreZoomSetting: false, initialBrowserUrl: http://localhost:18403/, nativeEvents: true, requireWindowFocus: false}, setWindowRect: true, strictFileInteractability: false, timeouts: {implicit: 0, pageLoad: 300000, script: 30000}, unhandledPromptBehavior: dismiss and notify}
Session ID: 78c8478f-e9e0-4152-8200-e6d139cb2de2
at org.openqa.selenium.remote.http.W3CHttpResponseCodec.createException(W3CHttpResponseCodec.java:187)
at org.openqa.selenium.remote.http.W3CHttpResponseCodec.decode(W3CHttpResponseCodec.java:122)
at org.openqa.selenium.remote.http.W3CHttpResponseCodec.decode(W3CHttpResponseCodec.java:49)
at org.openqa.selenium.remote.HttpCommandExecutor.execute(HttpCommandExecutor.java:158)
at org.openqa.selenium.remote.service.DriverCommandExecutor.execute(DriverCommandExecutor.java:83)
at org.openqa.selenium.remote.RemoteWebDriver.execute(RemoteWebDriver.java:552)
at org.openqa.selenium.remote.RemoteWebDriver.execute(RemoteWebDriver.java:609)
at org.openqa.selenium.remote.RemoteWebDriver$RemoteWebDriverOptions$RemoteWindow.maximize(RemoteWebDriver.java:837)
at com.testngtraining.org.CrossBrowserTest.ieLaunch(CrossBrowserTest.java:37)
at java.util.ArrayList.forEach(Unknown Source)
at java.util.concurrent.FutureTask.run(Unknown Source)
at java.util.concurrent.ThreadPoolExecutor.runWorker(Unknown Source)
at java.util.concurrent.ThreadPoolExecutor$Worker.run(Unknown Source)
at java.lang.Thread.run(Unknown Source)
... Removed 22 stack frames]]>
    </failure>
  </testcase> <!-- ieLaunch -->
  <testcase name="ifscCode" time="0.001" classname="com.testngwork.org.DepenndsOnGroup"/>
  <testcase name="ifscCode" time="0.001" classname="com.testngwork.org.GroupingTest"/>
  <testcase name="empSalary" time="0.001" classname="com.testngwork.org.DepenndsOnGroup"/>
  <testcase name="keychainSearch" time="0.001" classname="com.testngtraining.org.amazonSearch"/>
  <testcase name="laptopSearch" time="0.001" classname="com.testngtraining.org.amazonSearch"/>
  <testcase name="laptopSearch" time="0.0" classname="com.testngwork.org.BasicAnnotations"/>
  <testcase name="laptopSearch" time="0.001" classname="com.testngwork.org.InvocationCount"/>
  <testcase name="laptopSearch" time="0.0" classname="com.testngwork.org.TimesOut"/>
  <testcase name="login" time="0.0" classname="com.testngwork.org.DependencyTest"/>
  <testcase name="mobileSearch" time="0.001" classname="com.testngtraining.org.amazonSearch"/>
  <testcase name="mobileSearch" time="0.001" classname="com.testngwork.org.IgnoreTestConcept"/>
  <testcase name="mobileSearch" time="0.0" classname="com.testngwork.org.BasicAnnotations"/>
  <testcase name="mobileSearch" time="0.001" classname="com.testngwork.org.InvocationCount"/>
  <testcase name="mobileSearch" time="0.001" classname="com.testngwork.org.TimesOut"/>
  <testcase name="pulserBike" time="0.001" classname="com.testngtraining.org.bikeSearch"/>
  <testcase name="searchMobile" time="0.004" classname="com.testngwork.org.DependencyTest"/>
  <testcase name="logout" time="0.001" classname="com.testngwork.org.DependencyTest"/>
  <testcase name="sunglassSearch" time="0.002" classname="com.testngwork.org.FlipkartSearch"/>
  <testcase name="test1" time="0.001" classname="com.mytryanalizer.org.MyRetrySample">
    <skipped/>
  </testcase> <!-- test1 -->
  <testcase name="test1" time="0.001" classname="com.mytryanalizer.org.MyRetrySample">
    <skipped/>
  </testcase> <!-- test1 -->
  <testcase name="test1" time="0.002" classname="com.mytryanalizer.org.MyRetrySample">
    <skipped/>
  </testcase> <!-- test1 -->
  <testcase name="test1" time="0.001" classname="com.mytryanalizer.org.MyRetrySample">
    <skipped/>
  </testcase> <!-- test1 -->
  <testcase name="test1" time="0.003" classname="com.mytryanalizer.org.MyRetrySample">
    <failure type="java.lang.AssertionError" message="expected [sffss] but found [a]">
      <![CDATA[java.lang.AssertionError: expected [sffss] but found [a]
at com.mytryanalizer.org.MyRetrySample.test1(MyRetrySample.java:10)
at java.util.ArrayList.forEach(Unknown Source)
at java.util.concurrent.FutureTask.run(Unknown Source)
at java.util.concurrent.ThreadPoolExecutor.runWorker(Unknown Source)
at java.util.concurrent.ThreadPoolExecutor$Worker.run(Unknown Source)
at java.lang.Thread.run(Unknown Source)
... Removed 23 stack frames]]>
    </failure>
  </testcase> <!-- test1 -->
  <testcase name="test1" time="0.002" classname="com.mytryanalizer.org.MyRetryTransformSample">
    <failure type="java.lang.AssertionError" message="expected [sffss] but found [a]">
      <![CDATA[java.lang.AssertionError: expected [sffss] but found [a]
at com.mytryanalizer.org.MyRetryTransformSample.test1(MyRetryTransformSample.java:10)
at java.util.ArrayList.forEach(Unknown Source)
at java.util.concurrent.FutureTask.run(Unknown Source)
at java.util.concurrent.ThreadPoolExecutor.runWorker(Unknown Source)
at java.util.concurrent.ThreadPoolExecutor$Worker.run(Unknown Source)
at java.lang.Thread.run(Unknown Source)
... Removed 23 stack frames]]>
    </failure>
  </testcase> <!-- test1 -->
  <testcase name="test1" time="0.07" classname="com.testngwork.org.GroupsOfGroups"/>
  <testcase name="test2" time="0.001" classname="com.mytryanalizer.org.MyRetrySample">
    <skipped/>
  </testcase> <!-- test2 -->
  <testcase name="test2" time="0.014" classname="com.mytryanalizer.org.MyRetrySample">
    <skipped/>
  </testcase> <!-- test2 -->
  <testcase name="test2" time="0.059" classname="com.mytryanalizer.org.MyRetrySample">
    <skipped/>
  </testcase> <!-- test2 -->
  <testcase name="test2" time="0.004" classname="com.mytryanalizer.org.MyRetrySample">
    <skipped/>
  </testcase> <!-- test2 -->
  <testcase name="test2" time="0.018" classname="com.mytryanalizer.org.MyRetrySample">
    <failure type="java.lang.AssertionError" message="expected [aabbaa] but found [b]">
      <![CDATA[java.lang.AssertionError: expected [aabbaa] but found [b]
at com.mytryanalizer.org.MyRetrySample.test2(MyRetrySample.java:15)
at java.util.ArrayList.forEach(Unknown Source)
at java.util.concurrent.FutureTask.run(Unknown Source)
at java.util.concurrent.ThreadPoolExecutor.runWorker(Unknown Source)
at java.util.concurrent.ThreadPoolExecutor$Worker.run(Unknown Source)
at java.lang.Thread.run(Unknown Source)
... Removed 23 stack frames]]>
    </failure>
  </testcase> <!-- test2 -->
  <testcase name="test2" time="0.001" classname="com.mytryanalizer.org.MyRetryTransformSample">
    <failure type="java.lang.AssertionError" message="expected [aabbaa] but found [b]">
      <![CDATA[java.lang.AssertionError: expected [aabbaa] but found [b]
at com.mytryanalizer.org.MyRetryTransformSample.test2(MyRetryTransformSample.java:15)
at java.util.ArrayList.forEach(Unknown Source)
at java.util.concurrent.FutureTask.run(Unknown Source)
at java.util.concurrent.ThreadPoolExecutor.runWorker(Unknown Source)
at java.util.concurrent.ThreadPoolExecutor$Worker.run(Unknown Source)
at java.lang.Thread.run(Unknown Source)
... Removed 23 stack frames]]>
    </failure>
  </testcase> <!-- test2 -->
  <testcase name="test2" time="0.001" classname="com.testngwork.org.GroupsOfGroups"/>
  <testcase name="test3" time="0.004" classname="com.testngwork.org.GroupsOfGroups"/>
  <testcase name="test4" time="0.003" classname="com.testngwork.org.GroupsOfGroups"/>
  <testcase name="test5" time="0.001" classname="com.testngwork.org.GroupsOfGroups"/>
  <testcase name="toysSearch" time="0.001" classname="com.testngtraining.org.amazonSearch"/>
  <testcase name="toysSearch" time="0.001" classname="com.testngwork.org.InvocationCount"/>
  <testcase name="toysSearch" time="0.006" classname="com.testngwork.org.InvocationCount"/>
  <testcase name="toysSearch" time="0.001" classname="com.testngwork.org.InvocationCount"/>
  <testcase name="toysSearch" time="0.001" classname="com.testngwork.org.InvocationCount"/>
  <testcase name="toysSearch" time="0.001" classname="com.testngwork.org.InvocationCount"/>
  <testcase name="toysSearch" time="0.001" classname="com.testngwork.org.PriorityTestConcept"/>
  <testcase name="videogameSearch" time="0.001" classname="com.testngwork.org.FlipkartSearch"/>
  <testcase name="watchSearch" time="0.001" classname="com.testngwork.org.IgnoreTestConcept"/>
  <testcase name="watchSearch" time="0.002" classname="com.testngwork.org.InvocationCount"/>
  <testcase name="watchSearch" time="0.004" classname="com.testngwork.org.InvocationCount"/>
  <testcase name="watchSearch" time="0.001" classname="com.testngwork.org.InvocationCount"/>
  <testcase name="watchSearch" time="0.001" classname="com.testngwork.org.InvocationCount"/>
  <testcase name="watchSearch" time="0.001" classname="com.testngwork.org.InvocationCount"/>
  <testcase name="watchSearch" time="0.002" classname="com.testngwork.org.InvocationCount"/>
  <testcase name="watchSearch" time="0.001" classname="com.testngwork.org.InvocationCount"/>
  <testcase name="watchSearch" time="0.002" classname="com.testngwork.org.InvocationCount"/>
  <testcase name="watchSearch" time="0.001" classname="com.testngwork.org.InvocationCount"/>
  <testcase name="watchSearch" time="0.001" classname="com.testngwork.org.InvocationCount"/>
  <testcase name="watchSearch" time="0.001" classname="com.testngwork.org.PriorityTestConcept"/>
  <testcase name="watchSearch" time="0.015" classname="com.testngwork.org.TimesOut"/>
  <testcase name="yamahaBike" time="0.001" classname="com.testngtraining.org.bikeSearch"/>
  <testcase name="loginPage" time="0.018" classname="com.testngtraining.org.CrossBrowserTest">
    <failure type="org.openqa.selenium.NoSuchWindowException" message="Currently focused window has been closed.
Build info: version: &amp;apos;3.141.59&amp;apos;, revision: &amp;apos;e82be7d358&amp;apos;, time: &amp;apos;2018-11-14T08:25:53&amp;apos;
System info: host: &amp;apos;RAGU-PC&amp;apos;, ip: &amp;apos;192.168.29.101&amp;apos;, os.name: &amp;apos;Windows 7&amp;apos;, os.arch: &amp;apos;amd64&amp;apos;, os.version: &amp;apos;6.1&amp;apos;, java.version: &amp;apos;1.8.0_211&amp;apos;
Driver info: org.openqa.selenium.ie.InternetExplorerDriver
Capabilities {acceptInsecureCerts: false, browserName: internet explorer, browserVersion: 8, javascriptEnabled: true, pageLoadStrategy: normal, platform: WINDOWS, platformName: WINDOWS, proxy: Proxy(), se:ieOptions: {browserAttachTimeout: 0, elementScrollBehavior: 0, enablePersistentHover: true, ie.browserCommandLineSwitches: , ie.edgechromium: false, ie.edgepath: , ie.ensureCleanSession: false, ie.fileUploadDialogTimeout: 3000, ie.forceCreateProcessApi: false, ignoreProtectedModeSettings: false, ignoreZoomSetting: false, initialBrowserUrl: http://localhost:18403/, nativeEvents: true, requireWindowFocus: false}, setWindowRect: true, strictFileInteractability: false, timeouts: {implicit: 0, pageLoad: 300000, script: 30000}, unhandledPromptBehavior: dismiss and notify}
Session ID: 78c8478f-e9e0-4152-8200-e6d139cb2de2
*** Element info: {Using=xpath, value=//input[@id=&amp;apos;username&amp;apos;]}">
      <![CDATA[org.openqa.selenium.NoSuchWindowException: Currently focused window has been closed.
Build info: version: '3.141.59', revision: 'e82be7d358', time: '2018-11-14T08:25:53'
System info: host: 'RAGU-PC', ip: '192.168.29.101', os.name: 'Windows 7', os.arch: 'amd64', os.version: '6.1', java.version: '1.8.0_211'
Driver info: org.openqa.selenium.ie.InternetExplorerDriver
Capabilities {acceptInsecureCerts: false, browserName: internet explorer, browserVersion: 8, javascriptEnabled: true, pageLoadStrategy: normal, platform: WINDOWS, platformName: WINDOWS, proxy: Proxy(), se:ieOptions: {browserAttachTimeout: 0, elementScrollBehavior: 0, enablePersistentHover: true, ie.browserCommandLineSwitches: , ie.edgechromium: false, ie.edgepath: , ie.ensureCleanSession: false, ie.fileUploadDialogTimeout: 3000, ie.forceCreateProcessApi: false, ignoreProtectedModeSettings: false, ignoreZoomSetting: false, initialBrowserUrl: http://localhost:18403/, nativeEvents: true, requireWindowFocus: false}, setWindowRect: true, strictFileInteractability: false, timeouts: {implicit: 0, pageLoad: 300000, script: 30000}, unhandledPromptBehavior: dismiss and notify}
Session ID: 78c8478f-e9e0-4152-8200-e6d139cb2de2
*** Element info: {Using=xpath, value=//input[@id='username']}
at org.openqa.selenium.remote.http.W3CHttpResponseCodec.createException(W3CHttpResponseCodec.java:187)
at org.openqa.selenium.remote.http.W3CHttpResponseCodec.decode(W3CHttpResponseCodec.java:122)
at org.openqa.selenium.remote.http.W3CHttpResponseCodec.decode(W3CHttpResponseCodec.java:49)
at org.openqa.selenium.remote.HttpCommandExecutor.execute(HttpCommandExecutor.java:158)
at org.openqa.selenium.remote.service.DriverCommandExecutor.execute(DriverCommandExecutor.java:83)
at org.openqa.selenium.remote.RemoteWebDriver.execute(RemoteWebDriver.java:552)
at org.openqa.selenium.remote.RemoteWebDriver.findElement(RemoteWebDriver.java:323)
at org.openqa.selenium.remote.RemoteWebDriver.findElementByXPath(RemoteWebDriver.java:428)
at org.openqa.selenium.By$ByXPath.findElement(By.java:353)
at org.openqa.selenium.remote.RemoteWebDriver.findElement(RemoteWebDriver.java:315)
at com.testngtraining.org.CrossBrowserTest.loginPage(CrossBrowserTest.java:43)
at java.util.ArrayList.forEach(Unknown Source)
at java.util.concurrent.FutureTask.run(Unknown Source)
at java.util.concurrent.ThreadPoolExecutor.runWorker(Unknown Source)
at java.util.concurrent.ThreadPoolExecutor$Worker.run(Unknown Source)
at java.lang.Thread.run(Unknown Source)
... Removed 22 stack frames]]>
    </failure>
  </testcase> <!-- loginPage -->
  <testcase name="mobileSearch" time="0.001" classname="com.testngwork.org.PriorityTestConcept"/>
  <testcase name="laptopSearch" time="0.001" classname="com.testngwork.org.PriorityTestConcept"/>
  <testcase name="dressSearch" time="0.0" classname="com.testngwork.org.PriorityTestConcept"/>
  <testcase name="dressSearch" time="0.0" classname="com.testngwork.org.IgnoreTestConcept">
    <ignored/>
  </testcase> <!-- dressSearch -->
  <testcase name="toysSearch" time="0.0" classname="com.testngwork.org.IgnoreTestConcept">
    <ignored/>
  </testcase> <!-- toysSearch -->
  <testcase name="laptopSearch" time="0.0" classname="com.testngwork.org.IgnoreTestConcept">
    <ignored/>
  </testcase> <!-- laptopSearch -->
</testsuite> <!-- ParallelTest -->
